{"level":"info","message":"Server running on port 3000","service":"backend-service","timestamp":"2025-06-04 14:10:05"}
{"level":"info","message":"Environment: development","service":"backend-service","timestamp":"2025-06-04 14:10:05"}
{"level":"info","message":"Server running on port 3000","service":"backend-service","timestamp":"2025-06-04 14:10:10"}
{"level":"info","message":"Environment: development","service":"backend-service","timestamp":"2025-06-04 14:10:10"}
{"level":"info","message":"Server running on port 3000","service":"backend-service","timestamp":"2025-06-04 14:10:14"}
{"level":"info","message":"Environment: development","service":"backend-service","timestamp":"2025-06-04 14:10:14"}
{"level":"info","message":"Server running on port 3000","service":"backend-service","timestamp":"2025-06-04 14:10:19"}
{"level":"info","message":"Environment: development","service":"backend-service","timestamp":"2025-06-04 14:10:19"}
{"level":"info","message":"Server running on port 3000","timestamp":"2025-06-04 14:10:30"}
{"level":"info","message":"Environment: development","timestamp":"2025-06-04 14:10:30"}
{"level":"info","message":"Server running on port 3000"}
{"level":"info","message":"Environment: development"}
{"level":"info","message":"Server running on port 3000"}
{"level":"info","message":"Environment: development"}
{"level":"info","message":"Server running on port 3000"}
{"level":"info","message":"Environment: development"}
{"level":"info","message":"Server running on port 3000"}
{"level":"info","message":"Environment: development"}
{"level":"info","message":"Server running on port 3000"}
{"level":"info","message":"Environment: development"}
{"level":"info","message":"Server running on port 3000"}
{"level":"info","message":"Environment: development"}
{"level":"info","message":"Server running on port 3000"}
{"level":"info","message":"Environment: development"}
{"level":"info","message":"Server running on port 3000"}
{"level":"info","message":"Environment: development"}
{"level":"info","message":"Server running on port 3000"}
{"level":"info","message":"Environment: development"}
{"level":"info","message":"Server running on port 3000"}
{"level":"info","message":"Environment: development"}
{"level":"info","message":"Server running on port 3000"}
{"level":"info","message":"Environment: development"}
{"level":"info","message":"Server running on port 3000"}
{"level":"info","message":"Environment: development"}
{"level":"info","message":"Server running on port 3000"}
{"level":"info","message":"Environment: development"}
{"level":"info","message":"MongoDB Connected: ac-wnwnodk-shard-00-00.pqxst2r.mongodb.net"}
{"level":"info","message":"Server running on port 3000"}
{"level":"info","message":"Environment: development"}
{"level":"info","message":"MongoDB Connected: ac-wnwnodk-shard-00-00.pqxst2r.mongodb.net"}
{"level":"info","message":"Server running on port 3000"}
{"level":"info","message":"Environment: development"}
{"level":"info","message":"MongoDB Connected: ac-wnwnodk-shard-00-02.pqxst2r.mongodb.net"}
{"level":"info","message":"Server running on port 3000"}
{"level":"info","message":"Environment: development"}
{"level":"info","message":"Server running on port 3000"}
{"level":"info","message":"Environment: development"}
{"level":"info","message":"MongoDB Connected: ac-wnwnodk-shard-00-02.pqxst2r.mongodb.net"}
{"level":"info","message":"Server running on port 3000"}
{"level":"info","message":"Environment: development"}
{"level":"info","message":"MongoDB Connected: ac-wnwnodk-shard-00-02.pqxst2r.mongodb.net"}
{"level":"info","message":"Server running on port 3000"}
{"level":"info","message":"Environment: development"}
{"level":"info","message":"MongoDB Connected: ac-wnwnodk-shard-00-02.pqxst2r.mongodb.net"}
{"level":"info","message":"Server running on port 3000"}
{"level":"info","message":"Environment: development"}
{"level":"info","message":"Server running on port 3000"}
{"level":"info","message":"Environment: development"}
{"level":"info","message":"Server running on port 3000"}
{"level":"info","message":"Environment: development"}
{"level":"info","message":"MongoDB Connected: ac-wnwnodk-shard-00-02.pqxst2r.mongodb.net"}
{"level":"info","message":"Server running on port 3000"}
{"level":"info","message":"Environment: development"}
{"level":"info","message":"MongoDB Connected: ac-wnwnodk-shard-00-02.pqxst2r.mongodb.net"}
{"level":"info","message":"Server running on port 3000"}
{"level":"info","message":"Environment: development"}
{"level":"info","message":"Server running on port 3000"}
{"level":"info","message":"Environment: development"}
{"level":"info","message":"MongoDB Connected: ac-wnwnodk-shard-00-00.pqxst2r.mongodb.net"}
{"level":"info","message":"Server running on port 3000"}
{"level":"info","message":"Environment: development"}
{"level":"info","message":"MongoDB Connected: ac-wnwnodk-shard-00-00.pqxst2r.mongodb.net"}
{"level":"info","message":"Server running on port 3000"}
{"level":"info","message":"Environment: development"}
{"level":"info","message":"MongoDB Connected: ac-wnwnodk-shard-00-00.pqxst2r.mongodb.net"}
{"level":"info","message":"Server running on port 3000"}
{"level":"info","message":"Environment: development"}
{"level":"info","message":"MongoDB Connected: ac-wnwnodk-shard-00-01.pqxst2r.mongodb.net"}
{"level":"info","message":"Server running on port 3000"}
{"level":"info","message":"Environment: development"}
{"level":"info","message":"MongoDB Connected: ac-wnwnodk-shard-00-01.pqxst2r.mongodb.net"}
{"level":"info","message":"Server running on port 3000"}
{"level":"info","message":"Environment: development"}
{"level":"info","message":"MongoDB Connected: ac-wnwnodk-shard-00-01.pqxst2r.mongodb.net"}
{"level":"info","message":"Server running on port 3000"}
{"level":"info","message":"Environment: development"}
{"level":"info","message":"Server running on port 3000"}
{"level":"info","message":"Environment: development"}
{"level":"info","message":"MongoDB Connected: ac-wnwnodk-shard-00-01.pqxst2r.mongodb.net"}
{"level":"info","message":"Server running on port 3000"}
{"level":"info","message":"Environment: development"}
{"level":"info","message":"MongoDB Connected: ac-wnwnodk-shard-00-01.pqxst2r.mongodb.net"}
{"level":"info","message":"Server running on port 3000"}
{"level":"info","message":"Environment: development"}
{"level":"info","message":"MongoDB Connected: ac-wnwnodk-shard-00-01.pqxst2r.mongodb.net"}
{"level":"info","message":"Server running on port 3000"}
{"level":"info","message":"Environment: development"}
{"level":"info","message":"MongoDB Connected: ac-wnwnodk-shard-00-01.pqxst2r.mongodb.net"}
{"level":"info","message":"Server running on port 3000"}
{"level":"info","message":"Environment: development"}
{"level":"info","message":"MongoDB Connected: ac-wnwnodk-shard-00-01.pqxst2r.mongodb.net"}
{"level":"info","message":"Server running on port 3000"}
{"level":"info","message":"Environment: development"}
{"level":"info","message":"MongoDB Connected: ac-wnwnodk-shard-00-01.pqxst2r.mongodb.net"}
{"level":"info","message":"Server running on port 3000"}
{"level":"info","message":"Environment: development"}
{"level":"info","message":"MongoDB Connected: ac-wnwnodk-shard-00-01.pqxst2r.mongodb.net"}
{"level":"info","message":"Server running on port 3000"}
{"level":"info","message":"Environment: development"}
{"level":"info","message":"MongoDB Connected: ac-wnwnodk-shard-00-01.pqxst2r.mongodb.net"}
{"level":"info","message":"Server running on port 3000"}
{"level":"info","message":"Environment: development"}
{"level":"info","message":"MongoDB Connected: ac-wnwnodk-shard-00-02.pqxst2r.mongodb.net"}
{"level":"info","message":"Server running on port 3000"}
{"level":"info","message":"Environment: development"}
{"level":"info","message":"MongoDB Connected: ac-wnwnodk-shard-00-02.pqxst2r.mongodb.net"}
{"level":"info","message":"Server running on port 3000"}
{"level":"info","message":"Environment: development"}
{"level":"info","message":"MongoDB Connected: ac-wnwnodk-shard-00-02.pqxst2r.mongodb.net"}
{"level":"info","message":"Server running on port 3000"}
{"level":"info","message":"Environment: development"}
{"level":"info","message":"MongoDB Connected: ac-wnwnodk-shard-00-02.pqxst2r.mongodb.net"}
{"level":"info","message":"Server running on port 3000"}
{"level":"info","message":"Environment: development"}
{"level":"info","message":"MongoDB Connected: ac-wnwnodk-shard-00-02.pqxst2r.mongodb.net"}
{"level":"info","message":"Server running on port 3000"}
{"level":"info","message":"Environment: development"}
{"level":"info","message":"MongoDB Connected: ac-wnwnodk-shard-00-02.pqxst2r.mongodb.net"}
{"level":"info","message":"Server running on port 3000"}
{"level":"info","message":"Environment: development"}
{"level":"info","message":"Server running on port 3000"}
{"level":"info","message":"Environment: development"}
{"level":"info","message":"Server running on port 3000"}
{"level":"info","message":"Environment: development"}
{"level":"info","message":"Server running on port 3000"}
{"level":"info","message":"Environment: development"}
{"level":"info","message":"MongoDB Connected: ac-wnwnodk-shard-00-02.pqxst2r.mongodb.net"}
{"level":"info","message":"Server running on port 3000"}
{"level":"info","message":"Environment: development"}
{"level":"info","message":"MongoDB Connected: ac-wnwnodk-shard-00-02.pqxst2r.mongodb.net"}
{"level":"info","message":"Server running on port 3000"}
{"level":"info","message":"Environment: development"}
{"level":"info","message":"Server running on port 3000"}
{"level":"info","message":"Environment: development"}
{"level":"info","message":"MongoDB Connected: ac-wnwnodk-shard-00-00.pqxst2r.mongodb.net"}
{"level":"info","message":"Server running on port 3000"}
{"level":"info","message":"Environment: development"}
{"level":"info","message":"MongoDB Connected: ac-wnwnodk-shard-00-00.pqxst2r.mongodb.net"}
{"level":"info","message":"Server running on port 3000"}
{"level":"info","message":"Environment: development"}
{"level":"info","message":"MongoDB Connected: ac-wnwnodk-shard-00-00.pqxst2r.mongodb.net"}
{"level":"info","message":"Server running on port 3000"}
{"level":"info","message":"Environment: development"}
{"level":"info","message":"Server running on port 3000"}
{"level":"info","message":"Environment: development"}
{"level":"info","message":"Server running on port 3000"}
{"level":"info","message":"Environment: development"}
{"level":"info","message":"MongoDB Connected: ac-wnwnodk-shard-00-00.pqxst2r.mongodb.net"}
{"level":"info","message":"Server running on port 3000"}
{"level":"info","message":"Environment: development"}
{"level":"info","message":"Server running on port 3000"}
{"level":"info","message":"Environment: development"}
{"level":"info","message":"MongoDB Connected: ac-wnwnodk-shard-00-00.pqxst2r.mongodb.net"}
{"level":"info","message":"Server running on port 3000"}
{"level":"info","message":"Environment: development"}
{"level":"info","message":"MongoDB Connected: ac-wnwnodk-shard-00-00.pqxst2r.mongodb.net"}
{"level":"info","message":"Server running on port 3000"}
{"level":"info","message":"Environment: development"}
{"level":"info","message":"Server running on port 3000"}
{"level":"info","message":"Environment: development"}
{"level":"info","message":"MongoDB Connected: ac-wnwnodk-shard-00-01.pqxst2r.mongodb.net"}
{"level":"info","message":"Server running on port 3000"}
{"level":"info","message":"Environment: development"}
{"level":"info","message":"MongoDB Connected: ac-wnwnodk-shard-00-01.pqxst2r.mongodb.net"}
{"level":"info","message":"Server running on port 3000"}
{"level":"info","message":"Environment: development"}
{"level":"info","message":"Server running on port 3000"}
{"level":"info","message":"Environment: development"}
{"level":"info","message":"Server running on port 3000"}
{"level":"info","message":"Environment: development"}
{"level":"info","message":"MongoDB Connected: ac-wnwnodk-shard-00-01.pqxst2r.mongodb.net"}
{"level":"info","message":"Server running on port 3000"}
{"level":"info","message":"Environment: development"}
{"level":"info","message":"MongoDB Connected: ac-wnwnodk-shard-00-01.pqxst2r.mongodb.net"}
{"level":"info","message":"Server running on port 3000"}
{"level":"info","message":"Environment: development"}
{"level":"info","message":"Server running on port 3000"}
{"level":"info","message":"Environment: development"}
{"level":"info","message":"Server running on port 3000"}
{"level":"info","message":"Environment: development"}
{"level":"info","message":"Server running on port 3000"}
{"level":"info","message":"Environment: development"}
{"level":"info","message":"MongoDB Connected: ac-wnwnodk-shard-00-02.pqxst2r.mongodb.net"}
{"level":"info","message":"Server running on port 3000"}
{"level":"info","message":"Environment: development"}
{"level":"info","message":"MongoDB Connected: ac-wnwnodk-shard-00-02.pqxst2r.mongodb.net"}
{"level":"info","message":"Server running on port 3000"}
{"level":"info","message":"Environment: development"}
{"level":"info","message":"MongoDB Connected: ac-wnwnodk-shard-00-02.pqxst2r.mongodb.net"}
{"level":"info","message":"Server running on port 3000"}
{"level":"info","message":"Environment: development"}
{"level":"info","message":"MongoDB Connected: ac-wnwnodk-shard-00-02.pqxst2r.mongodb.net"}
{"level":"info","message":"Server running on port 3000"}
{"level":"info","message":"Environment: development"}
{"level":"info","message":"Server running on port 3000"}
{"level":"info","message":"Environment: development"}
{"level":"info","message":"MongoDB Connected: ac-wnwnodk-shard-00-00.pqxst2r.mongodb.net"}
{"level":"info","message":"Server running on port 3000"}
{"level":"info","message":"Environment: development"}
{"level":"info","message":"Server running on port 3000"}
{"level":"info","message":"Environment: development"}
{"level":"info","message":"MongoDB Connected: ac-wnwnodk-shard-00-00.pqxst2r.mongodb.net"}
{"level":"info","message":"Server running on port 3000"}
{"level":"info","message":"Environment: development"}
{"level":"info","message":"MongoDB Connected: ac-wnwnodk-shard-00-00.pqxst2r.mongodb.net"}
{"level":"info","message":"Server running on port 3000"}
{"level":"info","message":"Environment: development"}
{"level":"info","message":"MongoDB Connected: ac-wnwnodk-shard-00-01.pqxst2r.mongodb.net"}
{"level":"info","message":"Server running on port 3000"}
{"level":"info","message":"Environment: development"}
{"level":"info","message":"MongoDB Connected: ac-wnwnodk-shard-00-01.pqxst2r.mongodb.net"}
{"level":"info","message":"Server running on port 3000"}
{"level":"info","message":"Environment: development"}
{"level":"info","message":"Server running on port 3000"}
{"level":"info","message":"Environment: development"}
{"level":"info","message":"Server running on port 3000"}
{"level":"info","message":"Environment: development"}
{"level":"info","message":"MongoDB Connected: ac-wnwnodk-shard-00-01.pqxst2r.mongodb.net"}
{"level":"info","message":"Server running on port 3000"}
{"level":"info","message":"Environment: development"}
{"level":"info","message":"MongoDB Connected: ac-wnwnodk-shard-00-01.pqxst2r.mongodb.net"}
{"level":"info","message":"Server running on port 3000"}
{"level":"info","message":"Environment: development"}
{"level":"info","message":"MongoDB Connected: ac-wnwnodk-shard-00-01.pqxst2r.mongodb.net"}
{"level":"info","message":"Server running on port 3000"}
{"level":"info","message":"Environment: development"}
{"level":"info","message":"MongoDB Connected: ac-wnwnodk-shard-00-01.pqxst2r.mongodb.net"}
{"level":"info","message":"Server running on port 3000"}
{"level":"info","message":"Environment: development"}
{"level":"info","message":"MongoDB Connected: ac-wnwnodk-shard-00-00.pqxst2r.mongodb.net"}
{"level":"info","message":"Server running on port 3000"}
{"level":"info","message":"Environment: development"}
{"level":"info","message":"MongoDB Connected: ac-wnwnodk-shard-00-00.pqxst2r.mongodb.net"}
{"level":"info","message":"Server running on port 3000"}
{"level":"info","message":"Environment: development"}
{"level":"info","message":"MongoDB Connected: ac-wnwnodk-shard-00-00.pqxst2r.mongodb.net"}
{"level":"info","message":"Server running on port 3000"}
{"level":"info","message":"Environment: development"}
{"level":"info","message":"MongoDB Connected: ac-wnwnodk-shard-00-02.pqxst2r.mongodb.net"}
{"level":"info","message":"Server running on port 3000"}
{"level":"info","message":"Environment: development"}
{"level":"info","message":"Server running on port 3000"}
{"level":"info","message":"Environment: development"}
{"level":"info","message":"MongoDB Connected: ac-wnwnodk-shard-00-02.pqxst2r.mongodb.net"}
{"level":"info","message":"Server running on port 3000"}
{"level":"info","message":"Environment: development"}
{"level":"info","message":"MongoDB Connected: ac-wnwnodk-shard-00-02.pqxst2r.mongodb.net"}
{"level":"info","message":"Server running on port 3000"}
{"level":"info","message":"Environment: development"}
{"level":"info","message":"MongoDB Connected: ac-wnwnodk-shard-00-02.pqxst2r.mongodb.net"}
{"level":"info","message":"Server running on port 3000"}
{"level":"info","message":"Environment: development"}
{"level":"info","message":"MongoDB Connected: ac-wnwnodk-shard-00-00.pqxst2r.mongodb.net"}
{"level":"info","message":"Server running on port 3000"}
{"level":"info","message":"Environment: development"}
{"level":"info","message":"Server running on port 3000"}
{"level":"info","message":"Environment: development"}
{"level":"info","message":"MongoDB Connected: ac-wnwnodk-shard-00-00.pqxst2r.mongodb.net"}
{"level":"info","message":"Server running on port 3000"}
{"level":"info","message":"Environment: development"}
{"level":"info","message":"MongoDB Connected: ac-wnwnodk-shard-00-00.pqxst2r.mongodb.net"}
{"level":"info","message":"Server running on port 3000"}
{"level":"info","message":"Environment: development"}
{"level":"info","message":"Server running on port 3000"}
{"level":"info","message":"Environment: development"}
{"level":"info","message":"MongoDB Connected: ac-wnwnodk-shard-00-00.pqxst2r.mongodb.net"}
{"level":"info","message":"Server running on port 3000"}
{"level":"info","message":"Environment: development"}
{"level":"info","message":"Server running on port 3000"}
{"level":"info","message":"Environment: development"}
{"level":"info","message":"MongoDB Connected: ac-wnwnodk-shard-00-01.pqxst2r.mongodb.net"}
{"level":"info","message":"Server running on port 3000"}
{"level":"info","message":"Environment: development"}
{"level":"info","message":"MongoDB Connected: ac-wnwnodk-shard-00-01.pqxst2r.mongodb.net"}
{"level":"info","message":"Server running on port 3000"}
{"level":"info","message":"Environment: development"}
{"level":"info","message":"MongoDB Connected: ac-wnwnodk-shard-00-01.pqxst2r.mongodb.net"}
{"level":"info","message":"Server running on port 3000"}
{"level":"info","message":"Environment: development"}
{"level":"info","message":"MongoDB Connected: ac-wnwnodk-shard-00-02.pqxst2r.mongodb.net"}
{"level":"info","message":"Server running on port 3000"}
{"level":"info","message":"Environment: development"}
{"level":"info","message":"MongoDB Connected: ac-wnwnodk-shard-00-02.pqxst2r.mongodb.net"}
{"level":"info","message":"Server running on port 3000"}
{"level":"info","message":"Environment: development"}
{"level":"info","message":"MongoDB Connected: ac-wnwnodk-shard-00-02.pqxst2r.mongodb.net"}
{"level":"info","message":"Server running on port 3000"}
{"level":"info","message":"Environment: development"}
{"level":"info","message":"MongoDB Connected: ac-wnwnodk-shard-00-01.pqxst2r.mongodb.net"}
{"level":"info","message":"Server running on port 3000"}
{"level":"info","message":"Environment: development"}
{"level":"info","message":"MongoDB Connected: ac-wnwnodk-shard-00-01.pqxst2r.mongodb.net"}
{"level":"info","message":"Server running on port 3000"}
{"level":"info","message":"Environment: development"}
{"level":"info","message":"MongoDB Connected: ac-wnwnodk-shard-00-00.pqxst2r.mongodb.net"}
{"level":"info","message":"Server running on port 3000"}
{"level":"info","message":"Environment: development"}
{"level":"info","message":"MongoDB Connected: ac-wnwnodk-shard-00-00.pqxst2r.mongodb.net"}
{"level":"info","message":"Server running on port 3000"}
{"level":"info","message":"Environment: development"}
{"level":"info","message":"MongoDB Connected: ac-wnwnodk-shard-00-00.pqxst2r.mongodb.net"}
{"level":"info","message":"Server running on port 3000"}
{"level":"info","message":"Environment: development"}
{"level":"info","message":"MongoDB Connected: ac-wnwnodk-shard-00-00.pqxst2r.mongodb.net"}
{"level":"info","message":"Server running on port 3000"}
{"level":"info","message":"Environment: development"}
{"level":"info","message":"MongoDB Connected: ac-wnwnodk-shard-00-00.pqxst2r.mongodb.net"}
{"level":"info","message":"Server running on port 3000"}
{"level":"info","message":"Environment: development"}
{"level":"info","message":"MongoDB Connected: ac-wnwnodk-shard-00-02.pqxst2r.mongodb.net"}
{"level":"info","message":"Server running on port 3000"}
{"level":"info","message":"Environment: development"}
{"level":"info","message":"Server running on port 3000"}
{"level":"info","message":"Environment: development"}
{"level":"info","message":"Server running on port 3000"}
{"level":"info","message":"Environment: development"}
{"level":"info","message":"MongoDB Connected: ac-wnwnodk-shard-00-02.pqxst2r.mongodb.net"}
{"level":"info","message":"Server running on port 3000"}
{"level":"info","message":"Environment: development"}
{"level":"info","message":"Server running on port 3000"}
{"level":"info","message":"Environment: development"}
{"level":"info","message":"Server running on port 3000"}
{"level":"info","message":"Environment: development"}
{"level":"info","message":"MongoDB Connected: ac-wnwnodk-shard-00-02.pqxst2r.mongodb.net"}
{"level":"info","message":"Server running on port 3000"}
{"level":"info","message":"Environment: development"}
{"level":"info","message":"MongoDB Connected: ac-wnwnodk-shard-00-02.pqxst2r.mongodb.net"}
{"level":"info","message":"Server running on port 3000"}
{"level":"info","message":"Environment: development"}
{"level":"info","message":"MongoDB Connected: ac-wnwnodk-shard-00-02.pqxst2r.mongodb.net"}
{"level":"info","message":"Server running on port 3000"}
{"level":"info","message":"Environment: development"}
{"level":"info","message":"Server running on port 3000"}
{"level":"info","message":"Environment: development"}
{"level":"info","message":"MongoDB Connected: ac-wnwnodk-shard-00-00.pqxst2r.mongodb.net"}
{"level":"info","message":"Server running on port 3000"}
{"level":"info","message":"Environment: development"}
{"level":"info","message":"MongoDB Connected: ac-wnwnodk-shard-00-02.pqxst2r.mongodb.net"}
{"level":"info","message":"Server running on port 3000"}
{"level":"info","message":"Environment: development"}
{"level":"info","message":"MongoDB Connected: ac-wnwnodk-shard-00-02.pqxst2r.mongodb.net"}
{"level":"info","message":"Server running on port 3000"}
{"level":"info","message":"Environment: development"}
{"level":"info","message":"MongoDB Connected: ac-wnwnodk-shard-00-02.pqxst2r.mongodb.net"}
{"level":"info","message":"Server running on port 3000"}
{"level":"info","message":"Environment: development"}
{"level":"info","message":"MongoDB Connected: ac-wnwnodk-shard-00-00.pqxst2r.mongodb.net"}
{"level":"info","message":"Server running on port 3000"}
{"level":"info","message":"Environment: development"}
{"level":"info","message":"MongoDB Connected: ac-wnwnodk-shard-00-00.pqxst2r.mongodb.net"}
{"level":"info","message":"Server running on port 3000"}
{"level":"info","message":"Environment: development"}
{"level":"info","message":"MongoDB Connected: ac-wnwnodk-shard-00-02.pqxst2r.mongodb.net"}
{"level":"info","message":"Server running on port 3000"}
{"level":"info","message":"Environment: development"}
{"level":"info","message":"MongoDB Connected: ac-wnwnodk-shard-00-02.pqxst2r.mongodb.net"}
{"level":"info","message":"Server running on port 3000"}
{"level":"info","message":"Environment: development"}
{"level":"info","message":"MongoDB Connected: ac-wnwnodk-shard-00-01.pqxst2r.mongodb.net"}
{"level":"info","message":"Server running on port 3000"}
{"level":"info","message":"Environment: development"}
{"level":"info","message":"MongoDB Connected: ac-wnwnodk-shard-00-01.pqxst2r.mongodb.net"}
{"level":"info","message":"Server running on port 3000"}
{"level":"info","message":"Environment: development"}
{"level":"info","message":"MongoDB Connected: ac-wnwnodk-shard-00-01.pqxst2r.mongodb.net"}
{"level":"info","message":"Server running on port 3000"}
{"level":"info","message":"Environment: development"}
{"level":"info","message":"MongoDB Connected: ac-wnwnodk-shard-00-01.pqxst2r.mongodb.net"}
{"level":"info","message":"Server running on port 3000"}
{"level":"info","message":"Environment: development"}
{"level":"info","message":"MongoDB Connected: ac-wnwnodk-shard-00-01.pqxst2r.mongodb.net"}
{"level":"info","message":"Server running on port 3000"}
{"level":"info","message":"Environment: development"}
{"level":"info","message":"MongoDB Connected: ac-wnwnodk-shard-00-01.pqxst2r.mongodb.net"}
{"level":"info","message":"Server running on port 3000"}
{"level":"info","message":"Environment: development"}
{"level":"info","message":"MongoDB Connected: ac-wnwnodk-shard-00-01.pqxst2r.mongodb.net"}
{"level":"info","message":"Server running on port 3000"}
{"level":"info","message":"Environment: development"}
{"level":"info","message":"MongoDB Connected: ac-wnwnodk-shard-00-01.pqxst2r.mongodb.net"}
{"level":"info","message":"Server running on port 3000"}
{"level":"info","message":"Environment: development"}
{"level":"info","message":"Server running on port 3000"}
{"level":"info","message":"Environment: development"}
{"level":"info","message":"Server running on port 3000"}
{"level":"info","message":"Environment: development"}
{"level":"info","message":"MongoDB Connected: ac-wnwnodk-shard-00-00.pqxst2r.mongodb.net"}
{"level":"info","message":"Server running on port 3000"}
{"level":"info","message":"Environment: development"}
{"level":"info","message":"MongoDB Connected: ac-wnwnodk-shard-00-00.pqxst2r.mongodb.net"}
{"level":"info","message":"Server running on port 3000"}
{"level":"info","message":"Environment: development"}
{"level":"info","message":"MongoDB Connected: ac-wnwnodk-shard-00-00.pqxst2r.mongodb.net"}
{"level":"info","message":"Server running on port 3000"}
{"level":"info","message":"Environment: development"}
{"level":"info","message":"MongoDB Connected: ac-wnwnodk-shard-00-00.pqxst2r.mongodb.net"}
{"level":"info","message":"Server running on port 3000"}
{"level":"info","message":"Environment: development"}
{"level":"info","message":"Server running on port 3000"}
{"level":"info","message":"Environment: development"}
{"level":"info","message":"MongoDB Connected: ac-wnwnodk-shard-00-01.pqxst2r.mongodb.net"}
{"level":"info","message":"Server running on port 3000"}
{"level":"info","message":"Environment: development"}
{"level":"info","message":"Server running on port 3000"}
{"level":"info","message":"Environment: development"}
{"level":"info","message":"MongoDB Connected: ac-wnwnodk-shard-00-00.pqxst2r.mongodb.net"}
{"level":"info","message":"Server running on port 3000"}
{"level":"info","message":"Environment: development"}
{"level":"info","message":"MongoDB Connected: ac-wnwnodk-shard-00-01.pqxst2r.mongodb.net"}
{"level":"info","message":"Server running on port 3000"}
{"level":"info","message":"Environment: development"}
{"level":"info","message":"MongoDB Connected: ac-wnwnodk-shard-00-01.pqxst2r.mongodb.net"}
{"level":"info","message":"Server running on port 3000"}
{"level":"info","message":"Environment: development"}
{"level":"info","message":"MongoDB Connected: ac-wnwnodk-shard-00-01.pqxst2r.mongodb.net"}
{"level":"info","message":"Server running on port 3000"}
{"level":"info","message":"Environment: development"}
{"level":"info","message":"Server running on port 3000"}
{"level":"info","message":"Environment: development"}
{"level":"info","message":"MongoDB Connected: ac-wnwnodk-shard-00-01.pqxst2r.mongodb.net"}
{"level":"info","message":"Server running on port 3000"}
{"level":"info","message":"Environment: development"}
{"level":"info","message":"MongoDB Connected: ac-wnwnodk-shard-00-01.pqxst2r.mongodb.net"}
{"level":"info","message":"Server running on port 3000"}
{"level":"info","message":"Environment: development"}
{"level":"info","message":"MongoDB Connected: ac-wnwnodk-shard-00-01.pqxst2r.mongodb.net"}
{"level":"info","message":"Server running on port 3000"}
{"level":"info","message":"Environment: development"}
{"level":"info","message":"MongoDB Connected: ac-wnwnodk-shard-00-01.pqxst2r.mongodb.net"}
{"level":"info","message":"Server running on port 3000"}
{"level":"info","message":"Environment: development"}
{"level":"info","message":"Server running on port 3000"}
{"level":"info","message":"Environment: development"}
{"level":"info","message":"MongoDB Connected: ac-wnwnodk-shard-00-00.pqxst2r.mongodb.net"}
{"level":"info","message":"Server running on port 3000"}
{"level":"info","message":"Environment: development"}
{"level":"info","message":"Server running on port 3000"}
{"level":"info","message":"Environment: development"}
{"level":"info","message":"MongoDB Connected: ac-wnwnodk-shard-00-00.pqxst2r.mongodb.net"}
{"level":"info","message":"Server running on port 3000"}
{"level":"info","message":"Environment: development"}
{"level":"info","message":"Server running on port 3000"}
{"level":"info","message":"Environment: development"}
{"level":"info","message":"MongoDB Connected: ac-wnwnodk-shard-00-01.pqxst2r.mongodb.net"}
{"level":"info","message":"Server running on port 3000"}
{"level":"info","message":"Environment: development"}
{"level":"info","message":"Server running on port 3000"}
{"level":"info","message":"Environment: development"}
{"level":"info","message":"MongoDB Connected: ac-wnwnodk-shard-00-01.pqxst2r.mongodb.net"}
{"level":"info","message":"Server running on port 3000"}
{"level":"info","message":"Environment: development"}
{"level":"info","message":"MongoDB Connected: ac-wnwnodk-shard-00-01.pqxst2r.mongodb.net"}
{"level":"info","message":"Server running on port 3000"}
{"level":"info","message":"Environment: development"}
{"level":"info","message":"MongoDB Connected: ac-wnwnodk-shard-00-01.pqxst2r.mongodb.net"}
{"level":"info","message":"Server running on port 3000"}
{"level":"info","message":"Environment: development"}
{"level":"info","message":"MongoDB Connected: ac-wnwnodk-shard-00-01.pqxst2r.mongodb.net"}
{"level":"info","message":"Server running on port 3000"}
{"level":"info","message":"Environment: development"}
{"level":"info","message":"MongoDB Connected: ac-wnwnodk-shard-00-01.pqxst2r.mongodb.net"}
{"level":"info","message":"Server running on port 3000"}
{"level":"info","message":"Environment: development"}
{"level":"info","message":"MongoDB Connected: ac-wnwnodk-shard-00-02.pqxst2r.mongodb.net"}
{"level":"info","message":"Server running on port 3000"}
{"level":"info","message":"Environment: development"}
{"level":"info","message":"MongoDB Connected: ac-wnwnodk-shard-00-02.pqxst2r.mongodb.net"}
{"level":"info","message":"Server running on port 3000"}
{"level":"info","message":"Environment: development"}
{"level":"info","message":"Server running on port 3000"}
{"level":"info","message":"Environment: development"}
{"level":"info","message":"Server running on port 3000"}
{"level":"info","message":"Environment: development"}
{"level":"info","message":"MongoDB Connected: ac-wnwnodk-shard-00-02.pqxst2r.mongodb.net"}
{"level":"info","message":"Server running on port 3000"}
{"level":"info","message":"Environment: development"}
{"level":"info","message":"MongoDB Connected: ac-wnwnodk-shard-00-02.pqxst2r.mongodb.net"}
{"level":"info","message":"Server running on port 3000"}
{"level":"info","message":"Environment: development"}
{"level":"info","message":"MongoDB Connected: ac-wnwnodk-shard-00-02.pqxst2r.mongodb.net"}
{"level":"info","message":"Server running on port 3000"}
{"level":"info","message":"Environment: development"}
{"level":"info","message":"MongoDB Connected: ac-wnwnodk-shard-00-00.pqxst2r.mongodb.net"}
{"level":"info","message":"Server running on port 3000"}
{"level":"info","message":"Environment: development"}
{"level":"info","message":"Server running on port 3000"}
{"level":"info","message":"Environment: development"}
{"level":"info","message":"Server running on port 3000"}
{"level":"info","message":"Environment: development"}
{"level":"info","message":"Server running on port 3000"}
{"level":"info","message":"Environment: development"}
{"level":"info","message":"MongoDB Connected: ac-wnwnodk-shard-00-00.pqxst2r.mongodb.net"}
{"level":"info","message":"Server running on port 3000"}
{"level":"info","message":"Environment: development"}
{"level":"info","message":"MongoDB Connected: ac-wnwnodk-shard-00-00.pqxst2r.mongodb.net"}
{"level":"info","message":"Server running on port 3000"}
{"level":"info","message":"Environment: development"}
{"level":"info","message":"MongoDB Connected: ac-wnwnodk-shard-00-00.pqxst2r.mongodb.net"}
{"level":"info","message":"Server running on port 3000"}
{"level":"info","message":"Environment: development"}
{"level":"info","message":"Server running on port 3000"}
{"level":"info","message":"Environment: development"}
{"level":"info","message":"MongoDB Connected: ac-wnwnodk-shard-00-00.pqxst2r.mongodb.net"}
{"level":"info","message":"Server running on port 3000"}
{"level":"info","message":"Environment: development"}
{"level":"info","message":"Server running on port 3000"}
{"level":"info","message":"Environment: development"}
{"level":"info","message":"MongoDB Connected: ac-wnwnodk-shard-00-00.pqxst2r.mongodb.net"}
{"level":"info","message":"Server running on port 3000"}
{"level":"info","message":"Environment: development"}
{"level":"info","message":"MongoDB Connected: ac-wnwnodk-shard-00-01.pqxst2r.mongodb.net"}
{"level":"info","message":"Server running on port 3000"}
{"level":"info","message":"Environment: development"}
{"level":"info","message":"Server running on port 3000"}
{"level":"info","message":"Environment: development"}
{"level":"info","message":"MongoDB Connected: ac-wnwnodk-shard-00-00.pqxst2r.mongodb.net"}
{"level":"info","message":"Server running on port 3000"}
{"level":"info","message":"Environment: development"}
{"level":"info","message":"MongoDB Connected: ac-wnwnodk-shard-00-01.pqxst2r.mongodb.net"}
{"level":"info","message":"Server running on port 3000"}
{"level":"info","message":"Environment: development"}
{"level":"info","message":"MongoDB Connected: ac-wnwnodk-shard-00-01.pqxst2r.mongodb.net"}
{"level":"info","message":"Server running on port 3000"}
{"level":"info","message":"Environment: development"}
{"level":"info","message":"MongoDB Connected: ac-wnwnodk-shard-00-01.pqxst2r.mongodb.net"}
{"level":"info","message":"Server running on port 3000"}
{"level":"info","message":"Environment: development"}
{"level":"info","message":"MongoDB Connected: ac-wnwnodk-shard-00-01.pqxst2r.mongodb.net"}
{"level":"info","message":"Server running on port 3000"}
{"level":"info","message":"Environment: development"}
{"level":"info","message":"Server running on port 3000"}
{"level":"info","message":"Environment: development"}
{"level":"info","message":"MongoDB Connected: ac-wnwnodk-shard-00-01.pqxst2r.mongodb.net"}
{"level":"info","message":"Server running on port 3000"}
{"level":"info","message":"Environment: development"}
{"level":"info","message":"MongoDB Connected: ac-wnwnodk-shard-00-01.pqxst2r.mongodb.net"}
{"level":"info","message":"Server running on port 3000"}
{"level":"info","message":"Environment: development"}
{"level":"info","message":"MongoDB Connected: ac-wnwnodk-shard-00-01.pqxst2r.mongodb.net"}
{"level":"info","message":"Server running on port 3000"}
{"level":"info","message":"Environment: development"}
{"level":"info","message":"MongoDB Connected: ac-wnwnodk-shard-00-01.pqxst2r.mongodb.net"}
{"level":"info","message":"Server running on port 3000"}
{"level":"info","message":"Environment: development"}
{"level":"info","message":"MongoDB Connected: ac-wnwnodk-shard-00-00.pqxst2r.mongodb.net"}
